<?xml version="1.0" encoding="UTF-8"?>
<!-- Generated by org.testng.reporters.JUnitReportReporter -->
<testsuite hostname="Abhisheks-MacBook-Air.local" failures="0" tests="1" name="testngbasics.FirstTestngClass" time="0.019" errors="0" timestamp="2025-03-20T19:59:15 IST" skipped="0">
  <testcase classname="testngbasics.FirstTestngClass" name="testMethod" time="0.019"/>
</testsuite> <!-- testngbasics.FirstTestngClass -->
