<?xml version="1.0" encoding="UTF-8"?>
<!-- Generated by org.testng.reporters.JUnitReportReporter -->
<testsuite hostname="Abhisheks-MacBook-Air.local" failures="0" tests="1" name="com.parameterstestng.com.ParameterConcept" time="11.648" errors="0" timestamp="2025-03-18T16:32:03 IST" skipped="0">
  <testcase classname="com.parameterstestng.com.ParameterConcept" name="signUpTest" time="11.648"/>
</testsuite> <!-- com.parameterstestng.com.ParameterConcept -->
