<?xml version="1.0" encoding="UTF-8"?>
<!-- Generated by org.testng.reporters.JUnitReportReporter -->
<testsuite hostname="Abhisheks-MacBook-Air.local" failures="0" tests="10" name="testngbasics.InvocationCount" time="0.009" errors="0" timestamp="2025-03-18T15:02:29 IST" skipped="0">
  <testcase classname="testngbasics.InvocationCount" name="sum" time="0.000"/>
  <testcase classname="testngbasics.InvocationCount" name="sum" time="0.001"/>
  <testcase classname="testngbasics.InvocationCount" name="sum" time="0.000"/>
  <testcase classname="testngbasics.InvocationCount" name="sum" time="0.000"/>
  <testcase classname="testngbasics.InvocationCount" name="sum" time="0.001"/>
  <testcase classname="testngbasics.InvocationCount" name="sum" time="0.001"/>
  <testcase classname="testngbasics.InvocationCount" name="sum" time="0.004"/>
  <testcase classname="testngbasics.InvocationCount" name="sum" time="0.001"/>
  <testcase classname="testngbasics.InvocationCount" name="sum" time="0.000"/>
  <testcase classname="testngbasics.InvocationCount" name="sum" time="0.001"/>
</testsuite> <!-- testngbasics.InvocationCount -->
