<?xml version="1.0" encoding="UTF-8"?>
<!-- Generated by org.testng.reporters.JUnitReportReporter -->
<testsuite hostname="Abhisheks-MacBook-Air.local" failures="0" tests="10" name="testngproject.testngproject.InvocationCount" time="0.011" errors="0" timestamp="2025-03-18T12:49:09 IST" skipped="0">
  <testcase classname="testngproject.testngproject.InvocationCount" name="sum" time="0.001"/>
  <testcase classname="testngproject.testngproject.InvocationCount" name="sum" time="0.001"/>
  <testcase classname="testngproject.testngproject.InvocationCount" name="sum" time="0.005"/>
  <testcase classname="testngproject.testngproject.InvocationCount" name="sum" time="0.000"/>
  <testcase classname="testngproject.testngproject.InvocationCount" name="sum" time="0.001"/>
  <testcase classname="testngproject.testngproject.InvocationCount" name="sum" time="0.000"/>
  <testcase classname="testngproject.testngproject.InvocationCount" name="sum" time="0.001"/>
  <testcase classname="testngproject.testngproject.InvocationCount" name="sum" time="0.001"/>
  <testcase classname="testngproject.testngproject.InvocationCount" name="sum" time="0.001"/>
  <testcase classname="testngproject.testngproject.InvocationCount" name="sum" time="0.000"/>
</testsuite> <!-- testngproject.testngproject.InvocationCount -->
